mode: set
github.com/Kawaeugtkp/bookings/internal/forms/errors.go:6.44,9.2 1 1
github.com/Kawaeugtkp/bookings/internal/forms/errors.go:12.42,14.18 2 1
github.com/Kawaeugtkp/bookings/internal/forms/errors.go:14.18,16.3 1 1
github.com/Kawaeugtkp/bookings/internal/forms/errors.go:17.2,17.14 1 1
github.com/Kawaeugtkp/bookings/internal/forms/forms.go:18.29,20.2 1 1
github.com/Kawaeugtkp/bookings/internal/forms/forms.go:23.33,28.2 1 1
github.com/Kawaeugtkp/bookings/internal/forms/forms.go:31.43,33.31 1 1
github.com/Kawaeugtkp/bookings/internal/forms/forms.go:33.31,35.37 2 1
github.com/Kawaeugtkp/bookings/internal/forms/forms.go:35.37,38.4 1 1
github.com/Kawaeugtkp/bookings/internal/forms/forms.go:43.39,45.13 2 1
github.com/Kawaeugtkp/bookings/internal/forms/forms.go:45.13,47.3 1 1
github.com/Kawaeugtkp/bookings/internal/forms/forms.go:48.2,48.13 1 1
github.com/Kawaeugtkp/bookings/internal/forms/forms.go:52.57,54.21 2 1
github.com/Kawaeugtkp/bookings/internal/forms/forms.go:54.21,57.3 2 1
github.com/Kawaeugtkp/bookings/internal/forms/forms.go:58.2,58.13 1 1
github.com/Kawaeugtkp/bookings/internal/forms/forms.go:62.38,63.40 1 1
github.com/Kawaeugtkp/bookings/internal/forms/forms.go:63.40,65.3 1 1
