mode: set
github.com/Kawaeugtkp/bookings/internal/handlers/handlers.go:32.62,37.2 1 0
github.com/Kawaeugtkp/bookings/internal/handlers/handlers.go:40.51,45.2 1 1
github.com/Kawaeugtkp/bookings/internal/handlers/handlers.go:48.33,50.2 1 1
github.com/Kawaeugtkp/bookings/internal/handlers/handlers.go:53.67,57.2 1 1
github.com/Kawaeugtkp/bookings/internal/handlers/handlers.go:60.68,62.2 1 1
github.com/Kawaeugtkp/bookings/internal/handlers/handlers.go:65.74,67.9 2 1
github.com/Kawaeugtkp/bookings/internal/handlers/handlers.go:67.9,71.3 3 1
github.com/Kawaeugtkp/bookings/internal/handlers/handlers.go:73.2,74.16 2 1
github.com/Kawaeugtkp/bookings/internal/handlers/handlers.go:74.16,78.3 3 1
github.com/Kawaeugtkp/bookings/internal/handlers/handlers.go:79.2,96.4 10 1
github.com/Kawaeugtkp/bookings/internal/handlers/handlers.go:100.78,102.9 2 0
github.com/Kawaeugtkp/bookings/internal/handlers/handlers.go:102.9,105.3 2 0
github.com/Kawaeugtkp/bookings/internal/handlers/handlers.go:107.2,108.16 2 0
github.com/Kawaeugtkp/bookings/internal/handlers/handlers.go:108.16,111.3 2 0
github.com/Kawaeugtkp/bookings/internal/handlers/handlers.go:113.2,124.19 9 0
github.com/Kawaeugtkp/bookings/internal/handlers/handlers.go:124.19,133.3 4 0
github.com/Kawaeugtkp/bookings/internal/handlers/handlers.go:135.2,136.16 2 0
github.com/Kawaeugtkp/bookings/internal/handlers/handlers.go:136.16,139.3 2 0
github.com/Kawaeugtkp/bookings/internal/handlers/handlers.go:141.2,150.16 3 0
github.com/Kawaeugtkp/bookings/internal/handlers/handlers.go:150.16,153.3 2 0
github.com/Kawaeugtkp/bookings/internal/handlers/handlers.go:155.2,157.66 2 0
github.com/Kawaeugtkp/bookings/internal/handlers/handlers.go:161.71,163.2 1 1
github.com/Kawaeugtkp/bookings/internal/handlers/handlers.go:166.69,168.2 1 1
github.com/Kawaeugtkp/bookings/internal/handlers/handlers.go:171.75,173.2 1 1
github.com/Kawaeugtkp/bookings/internal/handlers/handlers.go:176.79,181.16 5 0
github.com/Kawaeugtkp/bookings/internal/handlers/handlers.go:181.16,184.3 2 0
github.com/Kawaeugtkp/bookings/internal/handlers/handlers.go:185.2,186.16 2 0
github.com/Kawaeugtkp/bookings/internal/handlers/handlers.go:186.16,189.3 2 0
github.com/Kawaeugtkp/bookings/internal/handlers/handlers.go:191.2,192.16 2 0
github.com/Kawaeugtkp/bookings/internal/handlers/handlers.go:192.16,195.3 2 0
github.com/Kawaeugtkp/bookings/internal/handlers/handlers.go:197.2,197.21 1 0
github.com/Kawaeugtkp/bookings/internal/handlers/handlers.go:197.21,202.3 3 0
github.com/Kawaeugtkp/bookings/internal/handlers/handlers.go:204.2,216.4 5 0
github.com/Kawaeugtkp/bookings/internal/handlers/handlers.go:228.79,234.16 5 0
github.com/Kawaeugtkp/bookings/internal/handlers/handlers.go:234.16,236.3 1 0
github.com/Kawaeugtkp/bookings/internal/handlers/handlers.go:237.2,238.16 2 0
github.com/Kawaeugtkp/bookings/internal/handlers/handlers.go:238.16,240.3 1 0
github.com/Kawaeugtkp/bookings/internal/handlers/handlers.go:242.2,243.16 2 0
github.com/Kawaeugtkp/bookings/internal/handlers/handlers.go:243.16,245.3 1 0
github.com/Kawaeugtkp/bookings/internal/handlers/handlers.go:247.2,249.16 2 0
github.com/Kawaeugtkp/bookings/internal/handlers/handlers.go:249.16,251.3 1 0
github.com/Kawaeugtkp/bookings/internal/handlers/handlers.go:253.2,263.16 3 0
github.com/Kawaeugtkp/bookings/internal/handlers/handlers.go:263.16,266.3 2 0
github.com/Kawaeugtkp/bookings/internal/handlers/handlers.go:268.2,269.14 2 0
github.com/Kawaeugtkp/bookings/internal/handlers/handlers.go:273.70,275.2 1 1
github.com/Kawaeugtkp/bookings/internal/handlers/handlers.go:278.81,286.9 2 0
github.com/Kawaeugtkp/bookings/internal/handlers/handlers.go:286.9,291.3 4 0
github.com/Kawaeugtkp/bookings/internal/handlers/handlers.go:293.2,306.4 9 0
github.com/Kawaeugtkp/bookings/internal/handlers/handlers.go:310.73,312.16 2 0
github.com/Kawaeugtkp/bookings/internal/handlers/handlers.go:312.16,315.3 2 0
github.com/Kawaeugtkp/bookings/internal/handlers/handlers.go:317.2,318.9 2 0
github.com/Kawaeugtkp/bookings/internal/handlers/handlers.go:318.9,321.3 2 0
github.com/Kawaeugtkp/bookings/internal/handlers/handlers.go:323.2,327.63 3 0
github.com/Kawaeugtkp/bookings/internal/handlers/handlers.go:332.71,344.16 9 0
github.com/Kawaeugtkp/bookings/internal/handlers/handlers.go:344.16,347.3 2 0
github.com/Kawaeugtkp/bookings/internal/handlers/handlers.go:348.2,355.63 6 0
